time="2023-08-08T17:08:39+05:00" level=info msg="logger initialized" func="main.go:18" file="main.main()"
time="2023-08-08T17:08:39+05:00" level=info msg="config initialized" func="main.go:21" file="main.main()"
time="2023-08-08T17:08:39+05:00" level=info msg="HTTP running in PORT -> :3000" func="main.go:58" file="main.main()"
time="2023-08-08T17:14:15+05:00" level=error msg="sql: no rows in result set" func="forgot_password.go:28" file="github.com/SaidovZohid/certalert.info/api/handlers.(*handlerV1).HandleForgotPassword()"
time="2023-08-08T17:14:22+05:00" level=error msg="sql: no rows in result set" func="forgot_password.go:28" file="github.com/SaidovZohid/certalert.info/api/handlers.(*handlerV1).HandleForgotPassword()"
time="2023-08-08T17:14:26+05:00" level=error msg="sql: no rows in result set" func="forgot_password.go:28" file="github.com/SaidovZohid/certalert.info/api/handlers.(*handlerV1).HandleForgotPassword()"
time="2023-08-08T17:14:34+05:00" level=error msg="sql: no rows in result set" func="forgot_password.go:28" file="github.com/SaidovZohid/certalert.info/api/handlers.(*handlerV1).HandleForgotPassword()"
time="2023-08-08T17:14:35+05:00" level=error msg="sql: no rows in result set" func="forgot_password.go:28" file="github.com/SaidovZohid/certalert.info/api/handlers.(*handlerV1).HandleForgotPassword()"
time="2023-08-08T17:14:37+05:00" level=error msg="sql: no rows in result set" func="forgot_password.go:28" file="github.com/SaidovZohid/certalert.info/api/handlers.(*handlerV1).HandleForgotPassword()"
time="2023-08-08T17:14:38+05:00" level=error msg="sql: no rows in result set" func="forgot_password.go:28" file="github.com/SaidovZohid/certalert.info/api/handlers.(*handlerV1).HandleForgotPassword()"
time="2023-08-08T17:14:40+05:00" level=error msg="sql: no rows in result set" func="forgot_password.go:28" file="github.com/SaidovZohid/certalert.info/api/handlers.(*handlerV1).HandleForgotPassword()"
time="2023-08-08T17:43:20+05:00" level=info msg="logger initialized" func="main.go:18" file="main.main()"
time="2023-08-08T17:43:20+05:00" level=info msg="config initialized" func="main.go:21" file="main.main()"
time="2023-08-08T17:43:20+05:00" level=info msg="HTTP running in PORT -> :3000" func="main.go:58" file="main.main()"
time="2023-08-08T17:44:38+05:00" level=error msg="sql: no rows in result set" func="forgot_password.go:28" file="github.com/SaidovZohid/certalert.info/api/handlers.(*handlerV1).HandleForgotPassword()"
time="2023-08-08T17:52:53+05:00" level=info msg="logger initialized" func="main.go:18" file="main.main()"
time="2023-08-08T17:52:53+05:00" level=info msg="config initialized" func="main.go:21" file="main.main()"
time="2023-08-08T17:52:53+05:00" level=info msg="HTTP running in PORT -> :3000" func="main.go:58" file="main.main()"
time="2023-08-08T18:03:00+05:00" level=info msg="logger initialized" func="main.go:18" file="main.main()"
time="2023-08-08T18:03:00+05:00" level=info msg="config initialized" func="main.go:21" file="main.main()"
time="2023-08-08T18:03:00+05:00" level=info msg="HTTP running in PORT -> :3000" func="main.go:58" file="main.main()"
time="2023-08-08T18:03:57+05:00" level=info msg="logger initialized" func="main.go:18" file="main.main()"
time="2023-08-08T18:03:57+05:00" level=info msg="config initialized" func="main.go:21" file="main.main()"
time="2023-08-08T18:03:57+05:00" level=info msg="HTTP running in PORT -> :3000" func="main.go:58" file="main.main()"
time="2023-08-08T18:10:25+05:00" level=info msg="logger initialized" func="main.go:18" file="main.main()"
time="2023-08-08T18:10:25+05:00" level=info msg="config initialized" func="main.go:21" file="main.main()"
time="2023-08-08T18:10:25+05:00" level=info msg="HTTP running in PORT -> :3000" func="main.go:58" file="main.main()"
time="2023-08-08T18:13:04+05:00" level=info msg="logger initialized" func="main.go:18" file="main.main()"
time="2023-08-08T18:13:04+05:00" level=info msg="config initialized" func="main.go:21" file="main.main()"
time="2023-08-08T18:13:04+05:00" level=info msg="HTTP running in PORT -> :3000" func="main.go:58" file="main.main()"
time="2023-08-08T18:14:32+05:00" level=info msg="logger initialized" func="main.go:18" file="main.main()"
time="2023-08-08T18:14:32+05:00" level=info msg="config initialized" func="main.go:21" file="main.main()"
time="2023-08-08T18:14:32+05:00" level=info msg="HTTP running in PORT -> :3000" func="main.go:58" file="main.main()"
time="2023-08-08T18:15:43+05:00" level=info msg="logger initialized" func="main.go:18" file="main.main()"
time="2023-08-08T18:15:43+05:00" level=info msg="config initialized" func="main.go:21" file="main.main()"
time="2023-08-08T18:15:43+05:00" level=info msg="HTTP running in PORT -> :3000" func="main.go:58" file="main.main()"
time="2023-08-08T18:15:58+05:00" level=info msg="logger initialized" func="main.go:18" file="main.main()"
time="2023-08-08T18:15:58+05:00" level=info msg="config initialized" func="main.go:21" file="main.main()"
time="2023-08-08T18:15:58+05:00" level=info msg="HTTP running in PORT -> :3000" func="main.go:58" file="main.main()"
time="2023-08-08T18:16:33+05:00" level=info msg="logger initialized" func="main.go:18" file="main.main()"
time="2023-08-08T18:16:33+05:00" level=info msg="config initialized" func="main.go:21" file="main.main()"
time="2023-08-08T18:16:33+05:00" level=info msg="HTTP running in PORT -> :3000" func="main.go:58" file="main.main()"
time="2023-08-08T18:17:52+05:00" level=info msg="logger initialized" func="main.go:18" file="main.main()"
time="2023-08-08T18:17:52+05:00" level=info msg="config initialized" func="main.go:21" file="main.main()"
time="2023-08-08T18:17:52+05:00" level=info msg="HTTP running in PORT -> :3000" func="main.go:58" file="main.main()"
time="2023-08-08T18:30:02+05:00" level=info msg="logger initialized" func="main.go:18" file="main.main()"
time="2023-08-08T18:30:02+05:00" level=info msg="config initialized" func="main.go:21" file="main.main()"
time="2023-08-08T18:30:02+05:00" level=info msg="HTTP running in PORT -> :3000" func="main.go:58" file="main.main()"
time="2023-08-08T18:31:29+05:00" level=info msg="logger initialized" func="main.go:18" file="main.main()"
time="2023-08-08T18:31:29+05:00" level=info msg="config initialized" func="main.go:21" file="main.main()"
time="2023-08-08T18:31:29+05:00" level=info msg="HTTP running in PORT -> :3000" func="main.go:58" file="main.main()"
time="2023-08-08T18:31:55+05:00" level=error msg="pq: invalid input syntax for type bigint: \"$2a$10$aMWbUcgqSurp/7IJkZxS9.PRvxRpIJ6TyKmmmpc.jYc58mE/h8k6q\"" func="forgot_password.go:139" file="github.com/SaidovZohid/certalert.info/api/handlers.(*handlerV1).HandleForgotPasswordUpdate()"
time="2023-08-08T18:32:40+05:00" level=info msg="logger initialized" func="main.go:18" file="main.main()"
time="2023-08-08T18:32:40+05:00" level=info msg="config initialized" func="main.go:21" file="main.main()"
time="2023-08-08T18:32:40+05:00" level=info msg="HTTP running in PORT -> :3000" func="main.go:58" file="main.main()"
time="2023-08-08T18:33:50+05:00" level=info msg="logger initialized" func="main.go:18" file="main.main()"
time="2023-08-08T18:33:50+05:00" level=info msg="config initialized" func="main.go:21" file="main.main()"
time="2023-08-08T18:33:50+05:00" level=info msg="HTTP running in PORT -> :3000" func="main.go:58" file="main.main()"
time="2023-08-08T18:39:19+05:00" level=info msg="logger initialized" func="main.go:18" file="main.main()"
time="2023-08-08T18:39:19+05:00" level=info msg="config initialized" func="main.go:21" file="main.main()"
time="2023-08-08T18:39:19+05:00" level=info msg="HTTP running in PORT -> :3000" func="main.go:58" file="main.main()"
time="2023-08-08T18:44:39+05:00" level=info msg="logger initialized" func="main.go:18" file="main.main()"
time="2023-08-08T18:44:39+05:00" level=info msg="config initialized" func="main.go:21" file="main.main()"
time="2023-08-08T18:44:39+05:00" level=info msg="HTTP running in PORT -> :3000" func="main.go:58" file="main.main()"
time="2023-08-08T18:49:29+05:00" level=info msg="logger initialized" func="main.go:18" file="main.main()"
time="2023-08-08T18:49:29+05:00" level=info msg="config initialized" func="main.go:21" file="main.main()"
time="2023-08-08T18:49:29+05:00" level=info msg="HTTP running in PORT -> :3000" func="main.go:58" file="main.main()"
time="2023-08-08T19:02:27+05:00" level=info msg="logger initialized" func="main.go:18" file="main.main()"
time="2023-08-08T19:02:27+05:00" level=info msg="config initialized" func="main.go:21" file="main.main()"
time="2023-08-08T19:02:27+05:00" level=info msg="HTTP running in PORT -> :3000" func="main.go:58" file="main.main()"
time="2023-08-09T12:04:28+05:00" level=info msg="logger initialized" func="main.go:18" file="main.main()"
time="2023-08-09T12:04:28+05:00" level=info msg="config initialized" func="main.go:21" file="main.main()"
time="2023-08-09T12:04:28+05:00" level=info msg="HTTP running in PORT -> :3000" func="main.go:58" file="main.main()"
time="2023-08-11T16:11:33+05:00" level=info msg="logger initialized" func="main.go:18" file="main.main()"
time="2023-08-11T16:11:33+05:00" level=info msg="config initialized" func="main.go:21" file="main.main()"
time="2023-08-11T16:11:33+05:00" level=info msg="HTTP running in PORT -> :3000" func="main.go:58" file="main.main()"
